
  .   ____          _            __ _ _
 /\\ / ___'_ __ _ _(_)_ __  __ _ \ \ \ \
( ( )\___ | '_ | '_| | '_ \/ _` | \ \ \ \
 \\/  ___)| |_)| | | | | || (_| |  ) ) ) )
  '  |____| .__|_| |_|_| |_\__, | / / / /
 =========|_|==============|___/=/_/_/_/
 :: Spring Boot ::                (v3.2.4)

2026-05-18T23:14:23.405+05:30  INFO 4808 --- [vespa-robot-fleet] [           main] com.example.vespa.VespaApplication       : Starting VespaApplication v0.0.1-SNAPSHOT using Java 26.0.1 with PID 4808 (C:\Users\shubh\Music\vivek\vespa\target\vespa-0.0.1-SNAPSHOT.jar started by shubh in C:\Users\shubh\Music\vivek\vespa)
2026-05-18T23:14:23.407+05:30 DEBUG 4808 --- [vespa-robot-fleet] [           main] com.example.vespa.VespaApplication       : Running with Spring Boot v3.2.4, Spring v6.1.5
2026-05-18T23:14:23.408+05:30  INFO 4808 --- [vespa-robot-fleet] [           main] com.example.vespa.VespaApplication       : No active profile set, falling back to 1 default profile: "default"
2026-05-18T23:14:24.825+05:30  INFO 4808 --- [vespa-robot-fleet] [           main] .s.d.r.c.RepositoryConfigurationDelegate : Bootstrapping Spring Data JPA repositories in DEFAULT mode.
2026-05-18T23:14:25.076+05:30  INFO 4808 --- [vespa-robot-fleet] [           main] .s.d.r.c.RepositoryConfigurationDelegate : Finished Spring Data repository scanning in 199 ms. Found 6 JPA repository interfaces.
2026-05-18T23:14:26.049+05:30  INFO 4808 --- [vespa-robot-fleet] [           main] o.s.b.w.embedded.tomcat.TomcatWebServer  : Tomcat initialized with port 8080 (http)
2026-05-18T23:14:26.067+05:30  INFO 4808 --- [vespa-robot-fleet] [           main] o.apache.catalina.core.StandardService   : Starting service [Tomcat]
2026-05-18T23:14:26.067+05:30  INFO 4808 --- [vespa-robot-fleet] [           main] o.apache.catalina.core.StandardEngine    : Starting Servlet engine: [Apache Tomcat/10.1.19]
2026-05-18T23:14:26.121+05:30  INFO 4808 --- [vespa-robot-fleet] [           main] o.a.c.c.C.[Tomcat].[localhost].[/]       : Initializing Spring embedded WebApplicationContext
2026-05-18T23:14:26.122+05:30  INFO 4808 --- [vespa-robot-fleet] [           main] w.s.c.ServletWebServerApplicationContext : Root WebApplicationContext: initialization completed in 2604 ms
2026-05-18T23:14:26.367+05:30  INFO 4808 --- [vespa-robot-fleet] [           main] o.hibernate.jpa.internal.util.LogHelper  : HHH000204: Processing PersistenceUnitInfo [name: default]
2026-05-18T23:14:26.453+05:30  INFO 4808 --- [vespa-robot-fleet] [           main] org.hibernate.Version                    : HHH000412: Hibernate ORM core version 6.4.4.Final
2026-05-18T23:14:26.501+05:30  INFO 4808 --- [vespa-robot-fleet] [           main] o.h.c.internal.RegionFactoryInitiator    : HHH000026: Second-level cache disabled
2026-05-18T23:14:26.953+05:30  INFO 4808 --- [vespa-robot-fleet] [           main] o.s.o.j.p.SpringPersistenceUnitInfo      : No LoadTimeWeaver setup: ignoring JPA class transformer
2026-05-18T23:14:26.994+05:30  INFO 4808 --- [vespa-robot-fleet] [           main] com.zaxxer.hikari.HikariDataSource       : HikariPool-1 - Starting...
2026-05-18T23:14:27.972+05:30  INFO 4808 --- [vespa-robot-fleet] [           main] com.zaxxer.hikari.pool.HikariPool        : HikariPool-1 - Added connection com.mysql.cj.jdbc.ConnectionImpl@36d697ab
2026-05-18T23:14:27.973+05:30  INFO 4808 --- [vespa-robot-fleet] [           main] com.zaxxer.hikari.HikariDataSource       : HikariPool-1 - Start completed.
2026-05-18T23:14:28.134+05:30  WARN 4808 --- [vespa-robot-fleet] [           main] org.hibernate.orm.deprecation            : HHH90000025: MySQLDialect does not need to be specified explicitly using 'hibernate.dialect' (remove the property setting and it will be selected by default)
2026-05-18T23:14:29.162+05:30  INFO 4808 --- [vespa-robot-fleet] [           main] o.h.e.t.j.p.i.JtaPlatformInitiator       : HHH000489: No JTA platform available (set 'hibernate.transaction.jta.platform' to enable JTA platform integration)
2026-05-18T23:14:29.480+05:30  INFO 4808 --- [vespa-robot-fleet] [           main] j.LocalContainerEntityManagerFactoryBean : Initialized JPA EntityManagerFactory for persistence unit 'default'
2026-05-18T23:14:29.932+05:30  INFO 4808 --- [vespa-robot-fleet] [           main] o.s.d.j.r.query.QueryEnhancerFactory     : Hibernate is in classpath; If applicable, HQL parser will be used.
2026-05-18T23:14:32.021+05:30  INFO 4808 --- [vespa-robot-fleet] [           main] o.s.s.web.DefaultSecurityFilterChain     : Will secure any request with [org.springframework.security.web.session.DisableEncodeUrlFilter@c1765ad, org.springframework.security.web.context.request.async.WebAsyncManagerIntegrationFilter@1fb947f6, org.springframework.security.web.context.SecurityContextHolderFilter@22263e1a, org.springframework.security.web.header.HeaderWriterFilter@65314e4, org.springframework.web.filter.CorsFilter@54d93fce, org.springframework.security.web.authentication.logout.LogoutFilter@9dc9212, org.springframework.security.web.authentication.www.BasicAuthenticationFilter@6e8fa647, org.springframework.security.web.savedrequest.RequestCacheAwareFilter@1c1b9de9, org.springframework.security.web.servletapi.SecurityContextHolderAwareRequestFilter@125c1134, org.springframework.security.web.authentication.AnonymousAuthenticationFilter@3f4b9792, org.springframework.security.web.session.SessionManagementFilter@4cf93f80, org.springframework.security.web.access.ExceptionTranslationFilter@4b76a0f4, org.springframework.security.web.access.intercept.AuthorizationFilter@452c8a6c]
2026-05-18T23:14:32.489+05:30  INFO 4808 --- [vespa-robot-fleet] [           main] o.s.b.w.embedded.tomcat.TomcatWebServer  : Tomcat started on port 8080 (http) with context path ''
2026-05-18T23:14:32.493+05:30  INFO 4808 --- [vespa-robot-fleet] [           main] o.s.m.s.b.SimpleBrokerMessageHandler     : Starting...
2026-05-18T23:14:32.495+05:30  INFO 4808 --- [vespa-robot-fleet] [           main] o.s.m.s.b.SimpleBrokerMessageHandler     : BrokerAvailabilityEvent[available=true, SimpleBrokerMessageHandler [org.springframework.messaging.simp.broker.DefaultSubscriptionRegistry@3625110e]]
2026-05-18T23:14:32.495+05:30  INFO 4808 --- [vespa-robot-fleet] [           main] o.s.m.s.b.SimpleBrokerMessageHandler     : Started.
2026-05-18T23:14:32.518+05:30  INFO 4808 --- [vespa-robot-fleet] [           main] com.example.vespa.VespaApplication       : Started VespaApplication in 9.793 seconds (process running for 10.503)
2026-05-18T23:14:34.295+05:30  INFO 4808 --- [vespa-robot-fleet] [nio-8080-exec-1] o.a.c.c.C.[Tomcat].[localhost].[/]       : Initializing Spring DispatcherServlet 'dispatcherServlet'
2026-05-18T23:14:34.295+05:30  INFO 4808 --- [vespa-robot-fleet] [nio-8080-exec-1] o.s.web.servlet.DispatcherServlet        : Initializing Servlet 'dispatcherServlet'
2026-05-18T23:14:34.296+05:30  INFO 4808 --- [vespa-robot-fleet] [nio-8080-exec-1] o.s.web.servlet.DispatcherServlet        : Completed initialization in 1 ms
